<?xml version="1.0" encoding="UTF-8"?>
<testsuite xmlns:xsi="http://www.w3.org/2001/XMLSchema-instance" xsi:noNamespaceSchemaLocation="https://maven.apache.org/surefire/maven-surefire-plugin/xsd/surefire-test-report-3.0.xsd" version="3.0" name="shared.util.I18nConsistencyTest" time="0.172" tests="2" errors="0" skipped="0" failures="0">
  <properties>
[...]
</properties>
  <testcase name="translationsAreNeverBlank" classname="shared.util.I18nConsistencyTest" time="0.098"/>
  <testcase name="localeFilesShareSameKeySet" classname="shared.util.I18nConsistencyTest" time="0.024"/>
</testsuite>